Microsoft HTML Help Compiler 4.74.8702

Compiling t:\HeavenMain\Manuals\HelpFile\_tmphhp\pos.chm

HHC4006: Warning: The file "invoicesettings.html" is already listed in the [FILES] section of the project file.
pointofsale.html
features.html
definitionsacronymsandabbreviations.html
shortcutkeys.html
posautomaticupdates.html
installtype.html
installDestinationlocation.html
installDistributordetails.html
installServer.html
installSelectstartmenu.html
installAdditionaltasks.html
installReadytoinstall.html
installFinish.html
posuserinterface.html
homebuttonsandstatusbar.html
statusbar.html
listviews.html
discounts.html
changepassword.html
hintsandtips.html
login.html
notes.html
viewnotes.html
displaylanguage.html
standardSettings.html
loginsettings.html
automaticlogin.html
plugins.html
editplugin.html
standardicons.html
administrationsettings.html
smsreminderalerts.html
invoiceSettings.html
invoiceSettingsHeader.html
invoiceSettingsFooter.html
administrationSettingsProducts.html
staffLeaveSettings.html
staffcommissionsettings.html
commissionpoolsettings.html
adminclientcommissionsettings.html
adminaffiliatesettings.html
admincashdrawersettings.html
diarysmsalertoptions.html
invoiceheadersettings.html
invoicefootersettings.html
ordermanagersettings.html
ordermanagerrecordeddelivery.html
ordermanagerlabelprintingsettings.html
adminmarketingsettings.html
marketingmailchimpsettings.html
stockcontrolsettings.html
stockcontrolautomaticstockreordering.html
websitesettings.html
administrationusersettings.html
administrationusersettingsgeneral.html
administrationusersettingsdictionary.html
administrationusersettingslanguage.html
administrationusersettingspricedata.html
administrationusersettingstillsettings.html
currencywatchsettings.html
userdiarysettings.html
administrationstaff.html
createstaffmember.html
createstaffstep1.html
createstaffstep2.html
createstaffstep3.html
createstaffstep4.html
createstaffstep5.html
removestaff.html
staffdetails.html
staffcontactdetails.html
staffemploymentdetails.html
staffpersonaldetails.html
staffleaveholiday.html
staffviewleave.html
staffrequestleave.html
staffapproveleave.html
staffauthoriseleave.html
staffsicknessdetails.html
staffnewsicknessrecord.html
staffsicknesscreatestep1.html
staffsicknesscreatestep2.html
staffsicknesscreatestep3.html
staffsicknesscreatestep4.html
staffviewsicknessrecord.html
staffsicknessreturntowork.html
staffsicknessstatistics.html
staffsicknessselectappointment.html
staffemeregencycontact.html
staffdrivinglicence.html
staffdiarysettings.html
staffworkinghours.html
staffworkinghoursedit.html
stafftreatments.html
staffpospermissions.html
staffcommission.html
staffclients.html
customers.html
createcustomer.html
viewcustomerdetails.html
viewcustomerorders.html
viewcustomerinvoices.html
viewcustomersupporttickets.html
customermarketingpreferences.html
customerdeliveryaddress.html
viewcustomernotes.html
viewcustomerappointments.html
editcustomergolduser.html
editcustomersalonowners.html
editcustomerpermissions.html
exportcustomers.html
exportcustomerstep1.html
exportcustomerstep2.html
exportcustomerstep3.html
exportcustomerstep4.html
exportcustomerstep5.html
exportcustomerstep6.html
mergecustomers.html
products.html
producteditdetails.html
producteditsettings.html
producteditproductitems.html
newproductitem.html
editproductitem.html
pricecalculator.html
producteditproductgroups.html
newproduct.html
productedittopsellingproducts.html
invalidproductsku.html
administrationproductgroups.html
editproductgroups.html
editproductgroupmobile.html
diary.html
diarytoolbar.html
diarydateselection.html
diaryimageoverlays.html
diarysalontreatments.html
diaryeditsalontreatments.html
diaryedittreatmentstaffmembers.html
diaryadvancedsettings.html
diaryadvancedsettingsgeneral.html
diaryadvancedsettingscolours.html
diaryadvancedsettingsimageoverlays.html
diaryadvancedsettingsautohide.html
diaryadvancedsettingstimes.html
diaryadvancedsettingsadvanced.html
diaryappointmentmenu.html
diaryappointmentstatus.html
diarycreateoreditappointment.html
diarycreateoredittreatmentaddtreatment.html
diarycreateoreditappointmentprevioustreatments.html
diarycloneappointment.html
diaryappointmenthistory.html
diaryappointmentchanges.html
diarycreditcarddetails.html
diarynewappointments.html
diaryreports.html
diarynewappointmentwizard.html
diarynewappointmentwizardstep1.html
diarynewappointmentwizardstep2.html
diarynewappointmentwizardstep3.html
diarywaitinglist.html
diarywaitingliststep1.html
diarywaitingliststep2.html
diarywaitingliststep3.html
diarywaitingliststep4.html
diarysmsalerts.html
diarysmsalertsstep1.html
diarysmsalertsstep2.html
diarysmsalertsstep3.html
till.html
tillapplydiscounts.html
tillcompletingasale.html
tillenteringpayment.html
tillredeemvoucher.html
tillcashpayment.html
tillsplitpayments.html
tillcardpayments.html
tillchequepayments.html
tillcustomvatrate.html
tillassignbarcodes.html
invoices.html
invoicemanager.html
invoiceview.html
invoiceviewchangesalesperson.html
invoiceviewcancelinvoice.html
invoiceviewissuerefund.html
orders.html
orderview.html
orderscreateorder.html
orderscreateorderopensavedorder.html
ordersfindorders.html
ordersviewordersreceived.html
ordersviewunpaidorders.html
ordersdispatchorders.html
orderstrackingreference.html
stockcontrol.html
stockcontrolstockin.html
stockcontrolstockout.html
stockcontrolstockaudit.html
stockcontrolcreatestock.html
stockcreatestockconfirm.html
stockcontrolstockhistory.html
stockcontrolsetautomaticstockreordering.html
administrationdiscountcoupons.html
discountcouponsstep1.html
discountcouponsstep2.html
discountcouponsstep3.html
discountcouponsstep4.html
discountcouponssummary.html
admincashdrawer.html
admincashdrawertill.html
admincashdrawerverifytill.html
admincashdrawersafe.html
admincashdrawerverifysafe.html
admincashdrawerpettycash.html
admincashdrawerpettycashverify.html
vouchermanagement.html
voucherscreatevouchers.html
systememails.html
marketing.html
marketingcreatecampaign.html
marketingcampaignname.html
marketingselecttemplate.html
marketinglandingpage.html
marketingsocialmedialinks.html
marketingmenuitems.html
marketingpreview.html
marketingcampaign.html
marketingrepeatcampaign.html
marketingupdatemarketingfiles.html
countries.html
countriesaddressoptions.html
trainingschedule.html
trainingschedulecreatestep1.html
trainingschedulecreatestep2.html
trainingschedulecreatestep3.html
trainingscheduleedittrainingcourse.html
trainingscheduleeditcourseaddattendees.html
commission.html
commissionpools.html
administrationcommissionpools.html
administrationcommissionpoolsgeneratedata.html
administrationcommissionpooldata.html
adminpaycommission.html
paycommissionpoolstep1.html
paycommissionpoolstep2.html
paycommissionpoolstep3.html
paycommissionpoolstep4.html
paycommissionpoolstep5.html
adminstaffaccountcommission.html
adminclientcommissiongeneratedata.html
adminaccountcommissiondata.html
adminclientcommissionbonuspayments.html
adminclientcommissionbonuspaystep1.html
adminclientcommissionbonuspaystep2.html
adminclientcommissionbonuspaystep3.html
adminclientcommissionbonuspaystep4.html
adminclientcommissionbonuspaystep5.html
affiliatemarketingandcommission.html
adminaffiliatecommissionsales.html
adminaffiliateseolinks.html
adminsettingupaffiliates.html
adminaffiliatecreatesettings.html
affiliatecommissiondata.html
adminaffiliatepaycommission.html
adminaffiliatepaycommissionstep1.html
adminaffiliatepaycommissionstep2.html
adminaffiliatepaycommissionstep3.html
export.html
exportsage.html
databasebackup.html
currencywatch.html
updateallimages.html
automaticruleupdates.html
automaticrulescreaterulestep1.html
automaticrulescreaterulestep2.html
automaticrulescreaterulestep3.html
automaticrulescreaterulestep4.html
automaticrulescreaterulestep5.html
websitesalons.html
websitesalonseditsalons.html
websitesalonseditsalonsgeneral.html
websitesalonseditsalonssettings.html
websitesaloneditvip.html
websitesalonseditsalonstype.html
websitesalonseditsalonsopeningtimes.html
websitesalonowners.html
websitesalonownerssalonownerdetails.html
websitesalonownerssalonownerpermissions.html
websitesalontosalonowners.html
websitesalonupdates.html
websalonsselectsalon.html
websitetreatments.html
websiteedittreatments.html
websitetreatmentstreatmentgroups.html
websitetreatmentsedittreatmentgroups.html
websitedistributors.html
helpdesk.html
helpdeskviewticket.html
customercomments.html
websitemissinglinks.html
websitemissinglinksedit.html
websitecelebrities.html
websitetipsandtricks.html
websitetipsandtricksedit.html
websitevideoadministration.html
reports.html
reportsclientbirthday.html
reportssalon.html
reportsstockcontrol.html
reportsproducts.html
memberlevels.html
parameters.html
pos.hhc
pos.hhk
installtypeb1.PNG
installDistributordetailsb1.PNG
installServerb1.PNG
installAdditionaltasksb1.PNG
posuserinterfaceb1.PNG
posuserinterfaceb2.PNG
homebuttonsandstatusbarb1.PNG
statusbarb1.PNG
listviewsb1.PNG
discountsb1.PNG
displaylanguageb1.PNG
standardSettingsb1.PNG
loginsettingsb1.PNG
automaticloginb1.PNG
pluginsb1.PNG
standardiconsb1.PNG
standardiconsb2.PNG
standardiconsb3.PNG
standardiconsb4.PNG
standardiconsb5.PNG
standardiconsb6.PNG
standardiconsb7.PNG
standardiconsb8.PNG
standardiconsb9.PNG
standardiconsb10.PNG
standardiconsb11.PNG
standardiconsb12.PNG
standardiconsb13.PNG
standardiconsb14.PNG
standardiconsb15.PNG
standardiconsb16.PNG
standardiconsb17.PNG
standardiconsb18.PNG
standardiconsb19.PNG
smsreminderalertsb1.PNG
invoicesettingsb1.PNG
invoiceSettingsHeaderb1.PNG
invoiceSettingsFooterb1.PNG
administrationSettingsProductsb1.PNG
staffLeaveSettingsb1.PNG
staffcommissionsettingsb1.PNG
commissionpoolsettingsb1.PNG
adminclientcommissionsettingsb1.PNG
adminaffiliatesettingsb1.PNG
admincashdrawersettingsb1.PNG
diarysmsalertoptionsb1.PNG
invoiceheadersettingsb1.PNG
invoicefootersettingsb1.PNG
ordermanagersettingsb1.PNG
ordermanagerrecordeddeliveryb1.PNG
ordermanagerlabelprintingsettingsb1.PNG
adminmarketingsettingsb1.PNG
marketingmailchimpsettingsb1.PNG
stockcontrolsettingsb1.PNG
stockcontrolautomaticstockreorderingb1.PNG
websitesettingsb1.PNG
administrationusersettingsgeneralb1.PNG
administrationusersettingsdictionaryb1.PNG
administrationusersettingslanguageb1.PNG
administrationusersettingspricedatab1.PNG
administrationusersettingstillsettingsb1.PNG
currencywatchsettingsb1.PNG
userdiarysettingsb1.PNG
administrationstaffb1.PNG
administrationstaffb2.PNG
administrationstaffb3.PNG
administrationstaffb4.PNG
administrationstaffb5.PNG
createstaffstep1b1.PNG
createstaffstep2b1.PNG
createstaffstep3b1.PNG
createstaffstep4b1.PNG
createstaffstep5b1.PNG
removestaffb1.PNG
staffdetailsb1.PNG
staffcontactdetailsb1.PNG
staffemploymentdetailsb1.PNG
staffpersonaldetailsb1.PNG
staffleaveholidayb1.PNG
staffsicknessdetailsb1.PNG
staffsicknesscreatestep1b1.PNG
staffsicknesscreatestep2b1.PNG
staffsicknesscreatestep3b1.PNG
staffsicknesscreatestep4b1.PNG
staffviewsicknessrecordb1.PNG
staffsicknessreturntoworkb1.PNG
staffsicknessstatisticsb1.PNG
staffemeregencycontactb1.PNG
staffdrivinglicenceb1.PNG
staffdiarysettingsb1.PNG
staffworkinghoursb1.PNG
stafftreatmentsb1.PNG
staffpospermissionsb1.PNG
staffcommissionb1.PNG
customersb1.PNG
createcustomerb1.PNG
viewcustomerdetailsb1.PNG
viewcustomerordersb1.PNG
viewcustomerinvoicesb1.PNG
viewcustomersupportticketsb1.PNG
customermarketingpreferencesb1.PNG
customerdeliveryaddressb1.PNG
exportcustomersb1.PNG
exportcustomersb2.PNG
exportcustomersb3.PNG
exportcustomersb4.PNG
productsb1.PNG
producteditdetailsb1.PNG
producteditsettingsb1.PNG
producteditproductitemsb1.PNG
editproductitemb1.PNG
pricecalculatorb1.PNG
producteditproductgroupsb1.PNG
productedittopsellingproductsb1.PNG
administrationproductgroupsb1.PNG
editproductgroupsb1.PNG
diaryb1.PNG
diaryb2.PNG
diarytoolbarb1.PNG
diarytoolbarb2.PNG
diarytoolbarb3.PNG
diarytoolbarb4.PNG
diarytoolbarb5.PNG
diarytoolbarb6.PNG
diarytoolbarb7.PNG
diarytoolbarb8.PNG
diarytoolbarb9.PNG
diarytoolbarb10.PNG
diarytoolbarb11.PNG
diarytoolbarb12.PNG
diarytoolbarb13.PNG
diarytoolbarb14.PNG
diarytoolbarb15.PNG
diarydateselectionb1.PNG
diarydateselectionb2.PNG
diarysalontreatmentsb1.PNG
diaryeditsalontreatmentsb1.PNG
diaryedittreatmentstaffmembersb1.PNG
diaryadvancedsettingsgeneralb1.PNG
diaryadvancedsettingscoloursb1.PNG
diaryadvancedsettingsimageoverlaysb1.PNG
diaryadvancedsettingsautohideb1.PNG
diaryadvancedsettingstimesb1.PNG
diaryadvancedsettingsadvancedb1.PNG
diaryappointmentmenub1.PNG
diarycreateoreditappointmentb1.PNG
diarycreateoredittreatmentaddtreatmentb1.PNG
diarycreateoreditappointmentprevioustreatmentsb1.PNG
diaryappointmenthistoryb1.PNG
diaryappointmentchangesb1.PNG
diaryreportsb1.PNG
diarynewappointmentwizardstep1b1.PNG
diarynewappointmentwizardstep2b1.PNG
diarynewappointmentwizardstep3b1.PNG
diarywaitinglistb1.PNG
diarywaitinglistb2.PNG
diarywaitingliststep1b1.PNG
diarywaitingliststep2b1.PNG
diarywaitingliststep3b1.PNG
diarywaitingliststep4b1.PNG
diarysmsalertsb1.JPG
diarysmsalertsstep1b1.PNG
diarysmsalertsstep2b1.PNG
diarysmsalertsstep3b1.PNG
diarysmsalertsstep3b2.PNG
tillb1.PNG
tillapplydiscountsb1.PNG
tillcompletingasaleb1.PNG
tillcashpaymentb1.PNG
tillsplitpaymentsb1.PNG
invoicemanagerb1.PNG
invoiceviewb1.PNG
invoiceviewchangesalespersonb1.PNG
invoiceviewchangesalespersonb2.PNG
invoiceviewcancelinvoiceb1.PNG
invoiceviewcancelinvoiceb2.PNG
invoiceviewissuerefundb1.PNG
orderviewb1.PNG
orderscreateorderb1.PNG
orderscreateorderb2.PNG
orderscreateorderopensavedorderb1.PNG
ordersfindordersb1.PNG
ordersviewordersreceivedb1.PNG
ordersviewunpaidordersb1.PNG
ordersdispatchordersb1.PNG
orderstrackingreferenceb1.PNG
stockcontrolb1.PNG
stockcontrolb2.PNG
stockcontrolstockinb1.PNG
stockcontrolstockoutb1.PNG
stockcontrolstockoutb2.PNG
stockcontrolstockauditb1.PNG
stockcontrolstockauditb2.PNG
stockcontrolcreatestockb1.PNG
stockcontrolstockhistoryb1.PNG
stockcontrolsetautomaticstockreorderingb1.PNG
administrationdiscountcouponsb1.PNG
discountcouponsstep1b1.PNG
discountcouponsstep2b1.PNG
discountcouponsstep3b1.PNG
discountcouponsstep4b1.PNG
discountcouponssummaryb1.PNG
admincashdrawertillb1.PNG
admincashdrawerverifytillb1.PNG
admincashdrawersafeb1.PNG
admincashdrawerverifysafeb1.PNG
admincashdrawerpettycashb1.PNG
admincashdrawerpettycashverifyb1.PNG
vouchermanagementb1.PNG
voucherscreatevouchersb1.PNG
systememailsb1.PNG
marketingcampaignnameb1.PNG
marketingselecttemplateb1.PNG
marketinglandingpageb1.PNG
marketingsocialmedialinksb1.PNG
marketingmenuitemsb1.PNG
marketingpreviewb1.PNG
marketingcampaignb1.PNG
marketingrepeatcampaignb1.PNG
countriesb1.PNG
countriesaddressoptionsb1.PNG
trainingscheduleb1.PNG
trainingschedulecreatestep1b1.PNG
trainingschedulecreatestep2b1.PNG
trainingschedulecreatestep3b1.PNG
trainingscheduleedittrainingcourseb1.PNG
trainingscheduleeditcourseaddattendeesb1.PNG
administrationcommissionpoolsb1.PNG
administrationcommissionpoolsgeneratedatab1.PNG
administrationcommissionpooldatab1.PNG
paycommissionpoolstep1b1.PNG
paycommissionpoolstep2b1.PNG
paycommissionpoolstep3b1.PNG
paycommissionpoolstep4b1.PNG
adminclientcommissiongeneratedatab1.PNG
adminaccountcommissiondatab1.PNG
adminclientcommissionbonuspaystep1b1.PNG
adminclientcommissionbonuspaystep2b1.PNG
adminclientcommissionbonuspaystep3b1.PNG
adminclientcommissionbonuspaystep4b1.PNG
adminclientcommissionbonuspaystep5b1.PNG
adminsettingupaffiliatesb1.PNG
adminaffiliatecreatesettingsb1.PNG
affiliatecommissiondatab1.PNG
adminaffiliatepaycommissionstep1b1.PNG
adminaffiliatepaycommissionstep2b1.PNG
adminaffiliatepaycommissionstep3b1.PNG
currencywatchb1.PNG
currencywatchb2.PNG
automaticrulescreaterulestep1b1.PNG
automaticrulescreaterulestep2b1.PNG
automaticrulescreaterulestep3b1.PNG
automaticrulescreaterulestep4b1.PNG
automaticrulescreaterulestep5b1.PNG
websitesalonsb1.PNG
websitesalonseditsalonsgeneralb1.PNG
websitesalonseditsalonssettingsb1.PNG
websitesalonseditsalonstypeb1.PNG
websitesalonseditsalonsopeningtimesb1.PNG
websitesalonownersb1.PNG
websitesalonownerssalonownerdetailsb1.PNG
websitesalonownerssalonownerpermissionsb1.PNG
websitesalontosalonownersb1.PNG
websitetreatmentsb1.PNG
websiteedittreatmentsb1.PNG
websitetreatmentstreatmentgroupsb1.PNG
websitetreatmentsedittreatmentgroupsb1.PNG
websitedistributorsb1.PNG
helpdeskb1.PNG
helpdeskviewticketb1.PNG
customercommentsb1.PNG
websitemissinglinksb1.PNG
websitemissinglinkseditb1.PNG
websitecelebritiesb1.PNG
websitetipsandtricksb1.PNG
websitetipsandtrickseditb1.PNG
websitevideoadministrationb1.PNG

Compile time: 0 minutes, 16 seconds
316	Topics
1,602	Local links
4	Internet links
277	Graphics


Created t:\HeavenMain\Manuals\HelpFile\_tmphhp\pos.chm, 8,569,262 bytes
Compression decreased file by 6,279,059 bytes.
