Microsoft HTML Help Compiler 4.74.8702

Compiling t:\HeavenMain\Help\_tmphhp\erminstaller.chm

installtype.html
installDestinationlocation.html
installDistributordetails.html
installServer.html
installSelectstartmenu.html
installAdditionaltasks.html
installReadytoinstall.html
installFinish.html
erminstaller.hhc
erminstaller.hhk
installtypeb1.PNG
installDistributordetailsb1.PNG
installServerb1.PNG
installAdditionaltasksb1.PNG

Compile time: 0 minutes, 1 second
10	Topics
38	Local links
0	Internet links
4	Graphics


Created t:\HeavenMain\Help\_tmphhp\erminstaller.chm, 72,447 bytes
Compression decreased file by 69,804 bytes.
