Microsoft HTML Help Compiler 4.74.8702

Compiling t:\HeavenMain\Help\_tmphhp\gettingstarted.chm

gettingstarted.html
installtype.html
installdestinationlocation.html
installdistributordetails.html
installserver.html
installselectstartmenu.html
installadditionaltasks.html
installreadytoinstall.html
installfinish.html
gettingstarted.hhc
gettingstarted.hhk
installtypeb1.PNG
installdestinationlocationb1.PNG
installdistributordetailsb1.PNG
installserverb1.PNG
installselectstartmenub1.PNG
installadditionaltasksb1.PNG
installreadytoinstallb1.PNG
installfinishb1.PNG

Compile time: 0 minutes, 3 seconds
11	Topics
43	Local links
1	Internet link
8	Graphics


Created t:\HeavenMain\Help\_tmphhp\gettingstarted.chm, 112,939 bytes
Compression decreased file by 139,887 bytes.
