Microsoft HTML Help Compiler 4.74.8702

Compiling t:\HeavenMain\Manuals\HelpFile\_tmphhp\install.chm

installtype.html
destinationlocation.html
distributordetails.html
server.html
selectstartmenu.html
additionaltasks.html
readytoinstall.html
finish.html
install.hhc
install.hhk
installtypeb1.PNG
distributordetailsb1.PNG
serverb1.PNG
additionaltasksb1.PNG

Compile time: 0 minutes, 2 seconds
10	Topics
38	Local links
0	Internet links
4	Graphics


Created t:\HeavenMain\Manuals\HelpFile\_tmphhp\install.chm, 72,492 bytes
Compression decreased file by 69,584 bytes.
