Microsoft HTML Help Compiler 4.74.8702

Compiling t:\HeavenMain\Manuals\HelpFile\_tmphhp\pos.chm

pointofsale.html
features.html
definitionsacronymsandabbreviations.html
shortcutkeys.html
posuserinterface.html
homebuttonsandstatusbar.html
listviews.html
statusbar.html
discounts.html
displaylanguage.html
settings1.html
loginsettings.html
automaticlogin.html
plugins.html
standardicons.html
administrationsettings.html
smsreminderalerts.html
invoice.html
invoiceheader.html
invoicefooter.html
administrationsettingsproducts.html
administrationusersettings.html
administrationusersettingsgeneral.html
administrationusersettingsdictionary.html
administrationusersettingslanguage.html
administrationusersettingspricedata.html
administrationusersettingstillsettings.html
products.html
producteditdetails.html
producteditsettings.html
producteditproductitems.html
editproductitem.html
pricecalculator.html
producteditproductgroups.html
productedittopsellingproducts.html
administrationproductgroups.html
editproductgroups.html
administrationdiscountcoupons.html
discountcouponsstep1.html
discountcouponsstep2.html
discountcouponsstep3.html
discountcouponsstep4.html
discountcouponssummary.html
pos.hhc
pos.hhk
posuserinterfaceb1.PNG
posuserinterfaceb2.PNG
homebuttonsandstatusbarb1.PNG
listviewsb1.PNG
statusbarb1.PNG
discountsb1.PNG
displaylanguageb1.PNG
settings1b1.PNG
loginsettingsb1.PNG
automaticloginb1.PNG
pluginsb1.PNG
standardiconsb1.PNG
standardiconsb2.PNG
standardiconsb3.PNG
standardiconsb4.PNG
standardiconsb5.PNG
standardiconsb6.PNG
standardiconsb7.PNG
standardiconsb8.PNG
standardiconsb9.PNG
standardiconsb10.PNG
standardiconsb11.PNG
standardiconsb12.PNG
standardiconsb13.PNG
standardiconsb14.PNG
standardiconsb15.PNG
standardiconsb16.PNG
standardiconsb17.PNG
standardiconsb18.PNG
standardiconsb19.PNG
smsreminderalertsb1.PNG
invoiceb1.PNG
invoiceheaderb1.PNG
invoicefooterb1.PNG
administrationsettingsproductsb1.PNG
administrationusersettingsgeneralb1.PNG
administrationusersettingsdictionaryb1.PNG
administrationusersettingslanguageb1.PNG
administrationusersettingspricedatab1.PNG
administrationusersettingstillsettingsb1.PNG
productsb1.PNG
producteditdetailsb1.PNG
producteditsettingsb1.PNG
producteditproductitemsb1.PNG
editproductitemb1.PNG
pricecalculatorb1.PNG
producteditproductgroupsb1.PNG
productedittopsellingproductsb1.PNG
administrationproductgroupsb1.PNG
editproductgroupsb1.PNG
administrationdiscountcouponsb1.PNG
discountcouponsstep1b1.PNG
discountcouponsstep2b1.PNG
discountcouponsstep3b1.PNG
discountcouponsstep4b1.PNG
discountcouponssummaryb1.PNG

Compile time: 0 minutes, 4 seconds
45	Topics
229	Local links
0	Internet links
56	Graphics


Created t:\HeavenMain\Manuals\HelpFile\_tmphhp\pos.chm, 1,754,985 bytes
Compression decreased file by 1,040,623 bytes.
